2018-11-19 01:29:41,755 INFO       client_log: Подключение к серверу
2018-11-19 01:29:42,778 WARNING    client_log: Сервер отключен!
2018-11-19 01:29:42,779 INFO       client_log: Подключение к серверу
2018-11-19 01:29:43,786 WARNING    client_log: Сервер отключен!
2018-11-19 01:29:43,787 INFO       client_log: Старт приложения
2018-11-19 01:31:58,821 INFO       client_log: Подключение к серверу
2018-11-19 01:31:59,842 WARNING    client_log: Сервер отключен!
2018-11-19 01:31:59,842 INFO       client_log: Подключение к серверу
2018-11-19 01:31:59,843 INFO       client_log: Подключение к серверу выполнено
2018-11-19 01:31:59,844 INFO       client_log: Сообщение отправлено
2018-11-19 01:31:59,881 INFO       client_log: Сообщение от сервера принято
2018-11-19 01:31:59,882 INFO       client_log: Старт приложения
2018-11-19 01:32:20,121 INFO       client_log: Подключение к серверу
2018-11-19 01:32:21,148 WARNING    client_log: Сервер отключен!
2018-11-19 01:32:21,148 INFO       client_log: Подключение к серверу
2018-11-19 01:32:21,149 INFO       client_log: Подключение к серверу выполнено
2018-11-19 01:32:21,150 INFO       client_log: Сообщение отправлено
2018-11-19 01:32:21,159 INFO       client_log: Сообщение от сервера принято
2018-11-19 01:32:21,159 INFO       client_log: Старт приложения
2018-11-19 01:32:21,162 INFO       client_log: Подключение к серверу
2018-11-19 01:32:21,164 INFO       client_log: Подключение к серверу выполнено
2018-11-19 01:32:21,164 INFO       client_log: Сообщение отправлено
2018-11-19 01:32:21,173 INFO       client_log: Сообщение от сервера принято
2018-11-19 01:34:24,696 INFO       client_log: Подключение к серверу
2018-11-19 01:34:25,701 WARNING    client_log: Сервер отключен!
2018-11-19 01:34:25,704 INFO       client_log: Подключение к серверу
2018-11-19 01:34:25,705 INFO       client_log: Подключение к серверу выполнено
2018-11-19 01:34:25,705 INFO       client_log: Сообщение отправлено
2018-11-19 01:34:25,711 INFO       client_log: Сообщение от сервера принято
2018-11-19 01:35:17,785 INFO       client_log: Подключение к серверу
2018-11-19 01:35:18,805 WARNING    client_log: Сервер отключен!
2018-11-19 01:35:18,809 INFO       client_log: Подключение к серверу
2018-11-19 01:35:18,810 INFO       client_log: Подключение к серверу выполнено
2018-11-19 01:35:18,810 INFO       client_log: Сообщение отправлено
2018-11-19 01:35:18,816 INFO       client_log: Сообщение от сервера принято
2018-11-24 17:53:48,386 INFO       client_log: Старт приложения
2018-11-24 17:53:48,386 INFO       client_log: Вызов функции start с аргументами (<__main__.Client object at 0x000001C03822FF28>,), {}

2018-11-24 17:54:06,213 INFO       client_log: Старт приложения
2018-11-24 17:54:06,213 INFO       client_log: Вызов функции start с аргументами (<__main__.Client object at 0x0000020E2D837AC8>,), {}

2018-11-24 17:54:13,796 INFO       client_log: Старт приложения
2018-11-24 17:54:13,796 INFO       client_log: Вызов функции start с аргументами (<__main__.Client object at 0x00000206081C7B00>,), {}

2018-11-24 17:54:17,624 INFO       client_log: Старт приложения
2018-11-24 17:54:25,654 INFO       client_log: Старт приложения
2018-11-24 17:54:25,655 INFO       client_log: Вызов функции start с аргументами (<__main__.Client object at 0x0000018172077B38>,), {}

2018-11-24 17:54:35,686 INFO       client_log: Старт приложения
2018-11-24 18:01:03,343 INFO       client_log: Старт приложения
2018-11-24 18:01:03,358 INFO       client_log: Вызов функции start с аргументами (<__main__.Client object at 0x000001D2F4367B00>,), {}

2018-11-24 18:01:03,358 INFO       client_log: Подключение к серверу
2018-11-24 18:01:03,358 INFO       client_log: Подключение к серверу выполнено
2018-11-24 18:01:03,358 INFO       client_log: Сообщение отправлено
2018-11-24 18:02:39,256 INFO       client_log: Старт приложения
2018-11-24 18:02:39,256 INFO       client_log: Вызов функции start с аргументами (<__main__.Client object at 0x00000244F22C6B70>,), {}

2018-11-24 18:02:39,256 INFO       client_log: Подключение к серверу
2018-11-24 18:02:39,256 INFO       client_log: Подключение к серверу выполнено
2018-11-24 18:02:39,256 INFO       client_log: Сообщение отправлено
2018-11-24 18:02:39,288 INFO       client_log: Сообщение от сервера принято
2018-11-24 18:04:08,420 INFO       client_log: Старт приложения
2018-11-24 18:04:08,420 INFO       client_log: Вызов функции start с аргументами (<__main__.Client object at 0x000002EBFBB97B00>,), {}

2018-11-24 18:04:08,420 INFO       client_log: Подключение к серверу
2018-11-24 18:04:08,420 INFO       client_log: Подключение к серверу выполнено
2018-11-24 18:04:08,420 INFO       client_log: Сообщение отправлено
2018-11-24 18:04:08,452 INFO       client_log: Сообщение от сервера принято
2018-11-26 01:21:14,982 INFO       client_log: Старт приложения
2018-11-26 01:21:14,984 INFO       client_log: Вызов функции start с аргументами (<__main__.Client object at 0x000002CE78189128>,), {}

2018-11-26 01:21:14,984 INFO       client_log: Подключение к серверу
2018-11-26 01:21:14,988 INFO       client_log: Подключение к серверу выполнено
2018-11-26 01:21:14,989 INFO       client_log: Сообщение отправлено
2018-11-26 01:21:15,021 INFO       client_log: Сообщение от сервера принято
2018-11-26 05:06:26,804 INFO       client_log: Старт приложения
2018-11-26 05:07:02,267 INFO       client_log: Старт приложения
2018-11-26 05:07:48,944 INFO       client_log: Старт приложения
2018-11-26 05:07:51,987 INFO       client_log: Старт приложения
2018-11-26 05:07:53,918 INFO       client_log: Старт приложения
2018-11-26 05:08:18,570 INFO       client_log: Старт приложения
2018-11-26 05:08:52,667 INFO       client_log: Старт приложения
2018-11-26 05:09:15,102 INFO       client_log: Старт приложения
2018-11-26 05:09:15,102 INFO       client_log: Вызов функции send_msg с аргументами (<__main__.Client object at 0x000001E716B563C8>, 'send'), {}

2018-11-26 05:09:35,521 INFO       client_log: Старт приложения
2018-11-26 05:09:35,537 INFO       client_log: Вызов функции send_msg с аргументами (<__main__.Client object at 0x000001CEA0806240>,), {}

2018-11-26 05:09:35,537 INFO       client_log: Подключение к серверу
2018-11-26 05:09:36,563 WARNING    client_log: Сервер отключен!
2018-11-26 05:26:51,751 INFO       client_log: Старт приложения
2018-11-26 05:26:51,751 INFO       client_log: Вызов функции send_msg с аргументами (<__main__.Client object at 0x000002D235F961D0>,), {}

2018-11-26 05:26:51,751 INFO       client_log: Подключение к серверу
2018-11-26 05:26:51,751 INFO       client_log: Подключение к серверу выполнено
2018-11-26 05:27:31,943 INFO       client_log: Старт приложения
2018-11-26 05:27:31,943 INFO       client_log: Вызов функции send_msg с аргументами (<__main__.Client object at 0x0000028AE1756208>,), {}

2018-11-26 05:27:31,943 INFO       client_log: Подключение к серверу
2018-11-26 05:27:31,958 INFO       client_log: Подключение к серверу выполнено
2018-11-26 05:29:18,399 INFO       client_log: Старт приложения
2018-11-26 05:29:18,399 INFO       client_log: Вызов функции send_msg с аргументами (<__main__.Client object at 0x000001FC06EC6160>,), {}

2018-11-26 05:29:18,399 INFO       client_log: Подключение к серверу
2018-11-26 05:29:18,414 INFO       client_log: Подключение к серверу выполнено
2018-11-26 05:29:40,876 INFO       client_log: Старт приложения
2018-11-26 05:29:40,891 INFO       client_log: Вызов функции send_msg с аргументами (<__main__.Client object at 0x0000022379706198>,), {}

2018-11-26 05:29:40,891 INFO       client_log: Подключение к серверу
2018-11-26 05:29:40,891 INFO       client_log: Подключение к серверу выполнено
2018-11-26 05:31:56,991 INFO       client_log: Старт приложения
2018-11-26 05:31:56,991 INFO       client_log: Вызов функции send_msg с аргументами (<__main__.Client object at 0x0000023B88446160>,), {}

2018-11-26 05:31:56,991 INFO       client_log: Подключение к серверу
2018-11-26 05:31:57,007 INFO       client_log: Подключение к серверу выполнено
2018-11-26 05:32:16,107 INFO       client_log: Старт приложения
2018-11-26 05:32:16,123 INFO       client_log: Вызов функции send_msg с аргументами (<__main__.Client object at 0x00000294A8D56208>,), {}

2018-11-26 05:32:16,123 INFO       client_log: Подключение к серверу
2018-11-26 05:32:16,123 INFO       client_log: Подключение к серверу выполнено
2018-11-26 05:32:30,841 INFO       client_log: Старт приложения
2018-11-26 05:32:30,841 INFO       client_log: Вызов функции send_msg с аргументами (<__main__.Client object at 0x00000226558161D0>,), {}

2018-11-26 05:32:30,841 INFO       client_log: Подключение к серверу
2018-11-26 05:32:30,841 INFO       client_log: Подключение к серверу выполнено
2018-11-26 05:35:06,019 INFO       client_log: Старт приложения
2018-11-26 05:35:06,019 INFO       client_log: Вызов функции send_msg с аргументами (<__main__.Client object at 0x000002970CA96208>,), {}

2018-11-26 05:35:06,019 INFO       client_log: Подключение к серверу
2018-11-26 05:35:06,019 INFO       client_log: Подключение к серверу выполнено
2018-11-26 05:36:05,425 INFO       client_log: Старт приложения
2018-11-26 05:36:05,425 INFO       client_log: Вызов функции send_msg с аргументами (<__main__.Client object at 0x000001A6CB8561D0>,), {}

2018-11-26 05:36:05,425 INFO       client_log: Подключение к серверу
2018-11-26 05:36:05,425 INFO       client_log: Подключение к серверу выполнено
2018-11-26 05:45:04,646 INFO       client_log: Старт приложения
2018-11-26 05:45:04,646 INFO       client_log: Вызов функции send_msg с аргументами (<__main__.Client object at 0x0000015C62666208>,), {}

2018-11-26 05:45:04,646 INFO       client_log: Подключение к серверу
2018-11-26 05:45:04,646 INFO       client_log: Подключение к серверу выполнено
2018-11-26 05:45:41,118 INFO       client_log: Старт приложения
2018-11-26 05:45:41,118 INFO       client_log: Вызов функции send_msg с аргументами (<__main__.Client object at 0x000002E2CCBF6390>,), {}

2018-11-26 05:45:41,118 INFO       client_log: Подключение к серверу
2018-11-26 05:45:41,134 INFO       client_log: Подключение к серверу выполнено
2018-11-26 05:46:03,055 INFO       client_log: Старт приложения
2018-11-26 05:46:03,055 INFO       client_log: Вызов функции send_msg с аргументами (<__main__.Client object at 0x0000023778E66240>,), {}

2018-11-26 05:46:03,055 INFO       client_log: Подключение к серверу
2018-11-26 05:46:03,055 INFO       client_log: Подключение к серверу выполнено
2018-11-26 05:47:07,479 INFO       client_log: Старт приложения
2018-11-26 05:47:07,479 INFO       client_log: Вызов функции send_msg с аргументами (<__main__.Client object at 0x0000019216FA6390>,), {}

2018-11-26 05:47:07,479 INFO       client_log: Подключение к серверу
2018-11-26 05:47:07,495 INFO       client_log: Подключение к серверу выполнено
2018-11-26 05:48:10,505 INFO       client_log: Старт приложения
2018-11-26 05:48:10,505 INFO       client_log: Вызов функции send_msg с аргументами (<__main__.Client object at 0x000001E086266390>,), {}

2018-11-26 05:48:10,505 INFO       client_log: Подключение к серверу
2018-11-26 05:48:10,505 INFO       client_log: Подключение к серверу выполнено
2018-11-26 05:50:03,922 INFO       client_log: Старт приложения
2018-11-26 05:50:03,922 INFO       client_log: Вызов функции send_msg с аргументами (<__main__.Client object at 0x000002A185626208>,), {}

2018-11-26 05:50:03,922 INFO       client_log: Подключение к серверу
2018-11-26 05:50:03,922 INFO       client_log: Подключение к серверу выполнено
2018-11-26 05:51:22,693 INFO       client_log: Старт приложения
2018-11-26 05:51:22,693 INFO       client_log: Вызов функции send_msg с аргументами (<__main__.Client object at 0x000001E54F0161D0>,), {}

2018-11-26 05:51:22,693 INFO       client_log: Подключение к серверу
2018-11-26 05:51:22,693 INFO       client_log: Подключение к серверу выполнено
2018-11-26 05:51:27,820 INFO       client_log: Старт приложения
2018-11-26 05:51:27,820 INFO       client_log: Вызов функции send_msg с аргументами (<__main__.Client object at 0x00000182067F6208>,), {}

2018-11-26 05:51:27,820 INFO       client_log: Подключение к серверу
2018-11-26 05:51:27,820 INFO       client_log: Подключение к серверу выполнено
2018-11-26 05:53:50,323 INFO       client_log: Старт приложения
2018-11-26 05:53:50,323 INFO       client_log: Вызов функции send_msg с аргументами (<__main__.Client object at 0x000001B773C56240>,), {}

2018-11-26 05:53:50,323 INFO       client_log: Подключение к серверу
2018-11-26 05:53:50,338 INFO       client_log: Подключение к серверу выполнено
2018-11-26 05:54:34,502 INFO       client_log: Старт приложения
2018-11-26 05:54:34,502 INFO       client_log: Вызов функции send_msg с аргументами (<__main__.Client object at 0x000001D261BD6400>,), {}

2018-11-26 05:54:34,502 INFO       client_log: Подключение к серверу
2018-11-26 05:54:34,518 INFO       client_log: Подключение к серверу выполнено
2018-11-26 05:54:58,789 INFO       client_log: Старт приложения
2018-11-26 05:54:58,789 INFO       client_log: Вызов функции send_msg с аргументами (<__main__.Client object at 0x000001C730EA61D0>,), {}

2018-11-26 05:54:58,789 INFO       client_log: Подключение к серверу
2018-11-26 05:54:58,805 INFO       client_log: Подключение к серверу выполнено
2018-11-26 05:56:54,429 INFO       client_log: Старт приложения
2018-11-26 05:56:54,429 INFO       client_log: Вызов функции send_msg с аргументами (<__main__.Client object at 0x000001824AA663C8>,), {}

2018-11-26 05:56:54,429 INFO       client_log: Подключение к серверу
2018-11-26 05:56:54,444 INFO       client_log: Подключение к серверу выполнено
2018-11-26 05:57:36,677 INFO       client_log: Старт приложения
2018-11-26 05:57:36,677 INFO       client_log: Вызов функции send_msg с аргументами (<__main__.Client object at 0x000001E000196208>,), {}

2018-11-26 05:57:36,677 INFO       client_log: Подключение к серверу
2018-11-26 05:57:36,677 INFO       client_log: Подключение к серверу выполнено
2018-11-26 05:59:32,584 INFO       client_log: Старт приложения
2018-11-26 05:59:32,586 INFO       client_log: Вызов функции send_msg с аргументами (<__main__.Client object at 0x0000020FC0A36208>,), {}

2018-11-26 05:59:32,586 INFO       client_log: Подключение к серверу
2018-11-26 05:59:32,590 INFO       client_log: Подключение к серверу выполнено
2018-11-26 06:02:10,381 INFO       client_log: Старт приложения
2018-11-26 06:02:10,381 INFO       client_log: Вызов функции send_msg с аргументами (<__main__.Client object at 0x000001C0DA0B6240>,), {}

2018-11-26 06:02:10,381 INFO       client_log: Подключение к серверу
2018-11-26 06:02:10,396 INFO       client_log: Подключение к серверу выполнено
2018-11-26 06:02:27,505 INFO       client_log: Старт приложения
2018-11-26 06:02:27,505 INFO       client_log: Вызов функции send_msg с аргументами (<__main__.Client object at 0x0000015DFFC06160>,), {}

2018-11-26 06:02:27,505 INFO       client_log: Подключение к серверу
2018-11-26 06:02:27,505 INFO       client_log: Подключение к серверу выполнено
2018-11-26 06:05:06,762 INFO       client_log: Старт приложения
2018-11-26 06:05:06,777 INFO       client_log: Вызов функции send_msg с аргументами (<__main__.Client object at 0x000001C788FD6240>,), {}

2018-11-26 06:05:06,777 INFO       client_log: Подключение к серверу
2018-11-26 06:05:06,777 INFO       client_log: Подключение к серверу выполнено
2018-11-26 06:12:23,370 INFO       client_log: Старт приложения
2018-11-26 06:12:23,370 INFO       client_log: Вызов функции send_msg с аргументами (<__main__.Client object at 0x0000013E99386208>,), {}

2018-11-26 06:12:23,370 INFO       client_log: Подключение к серверу
2018-11-26 06:12:23,370 INFO       client_log: Подключение к серверу выполнено
2018-11-26 06:13:30,957 INFO       client_log: Старт приложения
2018-11-26 06:13:30,957 INFO       client_log: Вызов функции send_msg с аргументами (<__main__.Client object at 0x000001DE5FEB6128>,), {}

2018-11-26 06:13:30,957 INFO       client_log: Подключение к серверу
2018-11-26 06:13:30,957 INFO       client_log: Подключение к серверу выполнено
2018-11-26 06:15:36,334 INFO       client_log: Старт приложения
2018-11-26 06:15:36,334 INFO       client_log: Вызов функции send_msg с аргументами (<__main__.Client object at 0x000001DFAC2E6208>,), {}

2018-11-26 06:15:36,334 INFO       client_log: Подключение к серверу
2018-11-26 06:15:36,334 INFO       client_log: Подключение к серверу выполнено
2018-11-26 06:17:30,114 INFO       client_log: Старт приложения
2018-11-26 06:17:30,114 INFO       client_log: Вызов функции send_msg с аргументами (<__main__.Client object at 0x000001EEC37A6400>,), {}

2018-11-26 06:17:30,114 INFO       client_log: Подключение к серверу
2018-11-26 06:17:30,114 INFO       client_log: Подключение к серверу выполнено
2018-11-26 06:18:54,121 INFO       client_log: Старт приложения
2018-11-26 06:19:18,233 INFO       client_log: Старт приложения
2018-11-26 06:19:18,235 INFO       client_log: Вызов функции recieve_msg с аргументами (<__main__.Client object at 0x00000251E3416390>,), {}

2018-11-26 06:19:18,235 INFO       client_log: Подключение к серверу
2018-11-26 06:19:18,240 INFO       client_log: Подключение к серверу выполнено
2018-11-26 06:20:03,012 INFO       client_log: Старт приложения
2018-11-26 06:20:03,012 INFO       client_log: Вызов функции recieve_msg с аргументами (<__main__.Client object at 0x00000139B09061D0>,), {}

2018-11-26 06:20:03,012 INFO       client_log: Подключение к серверу
2018-11-26 06:20:03,012 INFO       client_log: Подключение к серверу выполнено
2018-11-26 06:20:35,456 INFO       client_log: Старт приложения
2018-11-26 06:20:35,456 INFO       client_log: Вызов функции recieve_msg с аргументами (<__main__.Client object at 0x000002BCF3F36208>,), {}

2018-11-26 06:20:35,456 INFO       client_log: Подключение к серверу
2018-11-26 06:20:36,483 WARNING    client_log: Сервер отключен!
2018-11-26 06:20:46,280 INFO       client_log: Старт приложения
2018-11-26 06:20:46,282 INFO       client_log: Вызов функции recieve_msg с аргументами (<__main__.Client object at 0x0000023207366208>,), {}

2018-11-26 06:20:46,282 INFO       client_log: Подключение к серверу
2018-11-26 06:20:46,286 INFO       client_log: Подключение к серверу выполнено
2018-11-26 06:21:13,289 INFO       client_log: Старт приложения
2018-11-26 06:21:13,289 INFO       client_log: Вызов функции recieve_msg с аргументами (<__main__.Client object at 0x000001E273D06208>,), {}

2018-11-26 06:21:13,289 INFO       client_log: Подключение к серверу
2018-11-26 06:21:13,289 INFO       client_log: Подключение к серверу выполнено
2018-11-26 06:21:23,768 INFO       client_log: Старт приложения
2018-11-26 06:21:23,768 INFO       client_log: Вызов функции send_msg с аргументами (<__main__.Client object at 0x000001949D36A898>,), {}

2018-11-26 06:21:23,768 INFO       client_log: Подключение к серверу
2018-11-26 06:21:23,784 INFO       client_log: Подключение к серверу выполнено
2018-11-26 06:23:49,501 INFO       client_log: Старт приложения
2018-11-26 06:23:49,501 INFO       client_log: Вызов функции recieve_msg с аргументами (<__main__.Client object at 0x0000022CA3FE6240>,), {}

2018-11-26 06:23:49,501 INFO       client_log: Подключение к серверу
2018-11-26 06:23:49,501 INFO       client_log: Подключение к серверу выполнено
2018-11-26 06:23:53,282 INFO       client_log: Старт приложения
2018-11-26 06:23:53,282 INFO       client_log: Вызов функции send_msg с аргументами (<__main__.Client object at 0x000001F31AB86128>,), {}

2018-11-26 06:23:53,282 INFO       client_log: Подключение к серверу
2018-11-26 06:23:53,298 INFO       client_log: Подключение к серверу выполнено
2018-11-26 06:23:59,151 INFO       client_log: Старт приложения
2018-11-26 06:23:59,153 INFO       client_log: Вызов функции send_msg с аргументами (<__main__.Client object at 0x000001FBC9776208>,), {}

2018-11-26 06:23:59,153 INFO       client_log: Подключение к серверу
2018-11-26 06:23:59,157 INFO       client_log: Подключение к серверу выполнено
2018-11-26 06:24:52,447 INFO       client_log: Старт приложения
2018-11-26 06:24:52,447 INFO       client_log: Вызов функции send_msg с аргументами (<__main__.Client object at 0x00000199E18861D0>,), {}

2018-11-26 06:24:52,447 INFO       client_log: Подключение к серверу
2018-11-26 06:24:52,447 INFO       client_log: Подключение к серверу выполнено
2018-11-26 06:25:13,736 INFO       client_log: Старт приложения
2018-11-26 06:25:13,736 INFO       client_log: Вызов функции recieve_msg с аргументами (<__main__.Client object at 0x000001EF78FE61D0>,), {}

2018-11-26 06:25:13,736 INFO       client_log: Подключение к серверу
2018-11-26 06:25:13,752 INFO       client_log: Подключение к серверу выполнено
2018-11-26 06:25:17,165 INFO       client_log: Старт приложения
2018-11-26 06:25:17,165 INFO       client_log: Вызов функции send_msg с аргументами (<__main__.Client object at 0x00000268B1436208>,), {}

2018-11-26 06:25:17,165 INFO       client_log: Подключение к серверу
2018-11-26 06:25:17,165 INFO       client_log: Подключение к серверу выполнено
2018-11-26 06:34:36,238 INFO       client_log: Старт приложения
2018-11-26 06:34:36,239 INFO       client_log: Вызов функции send_msg с аргументами (<__main__.Client object at 0x00000151136F6240>,), {}

2018-11-26 06:34:36,239 INFO       client_log: Подключение к серверу
2018-11-26 06:34:36,243 INFO       client_log: Подключение к серверу выполнено
2018-11-26 06:35:46,921 INFO       client_log: Старт приложения
2018-11-26 06:35:46,921 INFO       client_log: Вызов функции recieve_msg с аргументами (<__main__.Client object at 0x0000010C5B9A6240>,), {}

2018-11-26 06:35:46,921 INFO       client_log: Подключение к серверу
2018-11-26 06:35:46,921 INFO       client_log: Подключение к серверу выполнено
2018-11-26 06:35:49,957 INFO       client_log: Старт приложения
2018-11-26 06:35:49,957 INFO       client_log: Вызов функции send_msg с аргументами (<__main__.Client object at 0x000001FC99A76320>,), {}

2018-11-26 06:35:49,957 INFO       client_log: Подключение к серверу
2018-11-26 06:35:49,957 INFO       client_log: Подключение к серверу выполнено
2018-11-26 06:36:12,869 INFO       client_log: Старт приложения
2018-11-26 06:36:12,869 INFO       client_log: Вызов функции recieve_msg с аргументами (<__main__.Client object at 0x000002429E116390>,), {}

2018-11-26 06:36:12,869 INFO       client_log: Подключение к серверу
2018-11-26 06:36:12,869 INFO       client_log: Подключение к серверу выполнено
2018-11-26 06:36:17,582 INFO       client_log: Старт приложения
2018-11-26 06:36:17,582 INFO       client_log: Вызов функции send_msg с аргументами (<__main__.Client object at 0x0000020B222061D0>,), {}

2018-11-26 06:36:17,582 INFO       client_log: Подключение к серверу
2018-11-26 06:36:17,582 INFO       client_log: Подключение к серверу выполнено
2018-11-26 06:37:25,902 INFO       client_log: Старт приложения
2018-11-26 06:37:25,902 INFO       client_log: Вызов функции send_msg с аргументами (<__main__.Client object at 0x0000026D0153A898>,), {}

2018-11-26 06:37:25,902 INFO       client_log: Подключение к серверу
2018-11-26 06:37:26,926 WARNING    client_log: Сервер отключен!
2018-11-26 06:37:39,997 INFO       client_log: Старт приложения
2018-11-26 06:37:45,189 INFO       client_log: Старт приложения
2018-11-26 06:37:45,190 INFO       client_log: Вызов функции recieve_msg с аргументами (<__main__.Client object at 0x000002B9A8BB6390>,), {}

2018-11-26 06:37:45,191 INFO       client_log: Подключение к серверу
2018-11-26 06:37:45,195 INFO       client_log: Подключение к серверу выполнено
2018-11-26 06:37:47,741 INFO       client_log: Старт приложения
2018-11-26 06:37:47,741 INFO       client_log: Вызов функции send_msg с аргументами (<__main__.Client object at 0x0000021721A663C8>,), {}

2018-11-26 06:37:47,741 INFO       client_log: Подключение к серверу
2018-11-26 06:37:47,756 INFO       client_log: Подключение к серверу выполнено
2018-11-26 06:38:02,596 INFO       client_log: Старт приложения
2018-11-26 06:38:02,596 INFO       client_log: Вызов функции recieve_msg с аргументами (<__main__.Client object at 0x0000023F8A0463C8>,), {}

2018-11-26 06:38:02,596 INFO       client_log: Подключение к серверу
2018-11-26 06:38:02,611 INFO       client_log: Подключение к серверу выполнено
2018-11-26 06:38:06,764 INFO       client_log: Старт приложения
2018-11-26 06:38:06,764 INFO       client_log: Вызов функции send_msg с аргументами (<__main__.Client object at 0x00000256C1386198>,), {}

2018-11-26 06:38:06,764 INFO       client_log: Подключение к серверу
2018-11-26 06:38:06,764 INFO       client_log: Подключение к серверу выполнено
2018-11-26 06:39:32,709 INFO       client_log: Старт приложения
2018-11-26 06:39:32,709 INFO       client_log: Вызов функции recieve_msg с аргументами (<__main__.Client object at 0x000001B476E26390>,), {}

2018-11-26 06:39:32,709 INFO       client_log: Подключение к серверу
2018-11-26 06:39:32,725 INFO       client_log: Подключение к серверу выполнено
2018-11-26 06:39:36,474 INFO       client_log: Старт приложения
2018-11-26 06:39:36,474 INFO       client_log: Вызов функции send_msg с аргументами (<__main__.Client object at 0x0000025A2C2961D0>,), {}

2018-11-26 06:39:36,474 INFO       client_log: Подключение к серверу
2018-11-26 06:39:36,489 INFO       client_log: Подключение к серверу выполнено
2018-11-26 06:55:30,496 INFO       client_log: Старт приложения
2018-11-26 06:55:30,512 INFO       client_log: Вызов функции recieve_msg с аргументами (<__main__.Client object at 0x000002026CB36208>,), {}

2018-11-26 06:55:30,512 INFO       client_log: Подключение к серверу
2018-11-26 06:55:30,512 INFO       client_log: Подключение к серверу выполнено
2018-11-26 06:55:34,791 INFO       client_log: Старт приложения
2018-11-26 06:55:34,806 INFO       client_log: Вызов функции send_msg с аргументами (<__main__.Client object at 0x000001781C2B6198>,), {}

2018-11-26 06:55:34,806 INFO       client_log: Подключение к серверу
2018-11-26 06:55:34,806 INFO       client_log: Подключение к серверу выполнено
2018-11-26 06:56:19,826 INFO       client_log: Старт приложения
2018-11-26 06:56:19,826 INFO       client_log: Вызов функции send_msg с аргументами (<__main__.Client object at 0x00000288294F61D0>,), {}

2018-11-26 06:56:19,826 INFO       client_log: Подключение к серверу
2018-11-26 06:56:20,865 WARNING    client_log: Сервер отключен!
2018-11-26 06:56:23,878 INFO       client_log: Старт приложения
2018-11-26 06:56:23,878 INFO       client_log: Вызов функции send_msg с аргументами (<__main__.Client object at 0x00000267AFBC6198>,), {}

2018-11-26 06:56:23,878 INFO       client_log: Подключение к серверу
2018-11-26 06:56:24,905 WARNING    client_log: Сервер отключен!
2018-11-26 06:56:31,135 INFO       client_log: Старт приложения
2018-11-26 06:56:31,135 INFO       client_log: Вызов функции recieve_msg с аргументами (<__main__.Client object at 0x000001E9A9CA6208>,), {}

2018-11-26 06:56:31,135 INFO       client_log: Подключение к серверу
2018-11-26 06:56:31,150 INFO       client_log: Подключение к серверу выполнено
2018-11-26 06:56:32,736 INFO       client_log: Старт приложения
2018-11-26 06:56:32,736 INFO       client_log: Вызов функции send_msg с аргументами (<__main__.Client object at 0x00000199D8526208>,), {}

2018-11-26 06:56:32,736 INFO       client_log: Подключение к серверу
2018-11-26 06:56:32,736 INFO       client_log: Подключение к серверу выполнено
2018-11-26 07:01:30,713 INFO       client_log: Старт приложения
2018-11-26 07:01:30,713 INFO       client_log: Вызов функции recieve_msg с аргументами (<__main__.Client object at 0x000001E22D036208>,), {}

2018-11-26 07:01:30,713 INFO       client_log: Подключение к серверу
2018-11-26 07:01:30,713 INFO       client_log: Подключение к серверу выполнено
2018-11-26 07:01:35,056 INFO       client_log: Старт приложения
2018-11-26 07:01:35,056 INFO       client_log: Вызов функции send_msg с аргументами (<__main__.Client object at 0x00000196FF2A6208>,), {}

2018-11-26 07:01:35,056 INFO       client_log: Подключение к серверу
2018-11-26 07:01:35,071 INFO       client_log: Подключение к серверу выполнено
2018-11-26 07:04:03,348 INFO       client_log: Старт приложения
2018-11-26 07:04:03,348 INFO       client_log: Вызов функции send_msg с аргументами (<__main__.Client object at 0x00000275D82A63C8>,), {}

2018-11-26 07:04:03,348 INFO       client_log: Подключение к серверу
2018-11-26 07:04:04,369 WARNING    client_log: Сервер отключен!
2018-11-26 07:05:07,322 INFO       client_log: Старт приложения
2018-11-26 07:05:07,322 INFO       client_log: Вызов функции recieve_msg с аргументами (<__main__.Client object at 0x000001DFCF4861D0>,), {}

2018-11-26 07:05:07,322 INFO       client_log: Подключение к серверу
2018-11-26 07:05:07,322 INFO       client_log: Подключение к серверу выполнено
2018-11-26 07:05:09,283 INFO       client_log: Старт приложения
2018-11-26 07:05:09,283 INFO       client_log: Вызов функции send_msg с аргументами (<__main__.Client object at 0x000001EB18CD63C8>,), {}

2018-11-26 07:05:09,283 INFO       client_log: Подключение к серверу
2018-11-26 07:05:09,283 INFO       client_log: Подключение к серверу выполнено
2018-11-26 07:07:43,014 INFO       client_log: Старт приложения
2018-11-26 07:07:43,014 INFO       client_log: Вызов функции recieve_msg с аргументами (<__main__.Client object at 0x000001B28CC96160>,), {}

2018-11-26 07:07:43,014 INFO       client_log: Подключение к серверу
2018-11-26 07:07:43,014 INFO       client_log: Подключение к серверу выполнено
2018-11-26 07:07:45,839 INFO       client_log: Старт приложения
2018-11-26 07:07:45,839 INFO       client_log: Вызов функции send_msg с аргументами (<__main__.Client object at 0x000002CE751261D0>,), {}

2018-11-26 07:07:45,839 INFO       client_log: Подключение к серверу
2018-11-26 07:07:45,839 INFO       client_log: Подключение к серверу выполнено
2018-11-26 07:09:37,249 INFO       client_log: Старт приложения
2018-11-26 07:09:37,250 INFO       client_log: Вызов функции recieve_msg с аргументами (<__main__.Client object at 0x000001AAF8E461D0>,), {}

2018-11-26 07:09:37,250 INFO       client_log: Подключение к серверу
2018-11-26 07:09:37,255 INFO       client_log: Подключение к серверу выполнено
2018-11-26 07:09:40,604 INFO       client_log: Старт приложения
2018-11-26 07:09:40,604 INFO       client_log: Вызов функции send_msg с аргументами (<__main__.Client object at 0x000002B26F1C6400>,), {}

2018-11-26 07:09:40,604 INFO       client_log: Подключение к серверу
2018-11-26 07:09:40,619 INFO       client_log: Подключение к серверу выполнено
2018-11-26 07:09:57,652 INFO       client_log: Старт приложения
2018-11-26 07:09:57,652 INFO       client_log: Вызов функции recieve_msg с аргументами (<__main__.Client object at 0x00000181B3086240>,), {}

2018-11-26 07:09:57,652 INFO       client_log: Подключение к серверу
2018-11-26 07:09:57,652 INFO       client_log: Подключение к серверу выполнено
2018-11-26 07:09:59,229 INFO       client_log: Старт приложения
2018-11-26 07:09:59,230 INFO       client_log: Вызов функции send_msg с аргументами (<__main__.Client object at 0x0000019BF048A668>,), {}

2018-11-26 07:09:59,230 INFO       client_log: Подключение к серверу
2018-11-26 07:09:59,234 INFO       client_log: Подключение к серверу выполнено
2018-11-26 07:12:46,151 INFO       client_log: Старт приложения
2018-11-26 07:12:46,153 INFO       client_log: Вызов функции recieve_msg с аргументами (<__main__.Client object at 0x00000257BA006160>,), {}

2018-11-26 07:12:46,153 INFO       client_log: Подключение к серверу
2018-11-26 07:12:46,158 INFO       client_log: Подключение к серверу выполнено
2018-11-26 07:12:47,386 INFO       client_log: Старт приложения
2018-11-26 07:12:47,386 INFO       client_log: Вызов функции send_msg с аргументами (<__main__.Client object at 0x0000026E67F46208>,), {}

2018-11-26 07:12:47,386 INFO       client_log: Подключение к серверу
2018-11-26 07:12:47,401 INFO       client_log: Подключение к серверу выполнено
2018-11-26 07:13:50,913 INFO       client_log: Старт приложения
2018-11-26 07:13:50,913 INFO       client_log: Вызов функции recieve_msg с аргументами (<__main__.Client object at 0x000001FF9ED36358>,), {}

2018-11-26 07:13:50,913 INFO       client_log: Подключение к серверу
2018-11-26 07:13:50,913 INFO       client_log: Подключение к серверу выполнено
2018-11-26 07:13:52,917 INFO       client_log: Старт приложения
2018-11-26 07:13:52,917 INFO       client_log: Вызов функции send_msg с аргументами (<__main__.Client object at 0x0000026B123B6198>,), {}

2018-11-26 07:13:52,917 INFO       client_log: Подключение к серверу
2018-11-26 07:13:52,917 INFO       client_log: Подключение к серверу выполнено
2018-11-26 07:15:07,991 INFO       client_log: Старт приложения
2018-11-26 07:15:07,991 INFO       client_log: Вызов функции recieve_msg с аргументами (<__main__.Client object at 0x0000022D958F61D0>,), {}

2018-11-26 07:15:07,991 INFO       client_log: Подключение к серверу
2018-11-26 07:15:08,006 INFO       client_log: Подключение к серверу выполнено
2018-11-26 07:15:09,322 INFO       client_log: Старт приложения
2018-11-26 07:15:09,322 INFO       client_log: Вызов функции send_msg с аргументами (<__main__.Client object at 0x0000021D41A46240>,), {}

2018-11-26 07:15:09,322 INFO       client_log: Подключение к серверу
2018-11-26 07:15:09,338 INFO       client_log: Подключение к серверу выполнено
2018-11-26 07:16:14,742 INFO       client_log: Старт приложения
2018-11-26 07:16:14,742 INFO       client_log: Вызов функции send_msg с аргументами (<__main__.Client object at 0x000001D20ADB61D0>,), {}

2018-11-26 07:16:14,742 INFO       client_log: Подключение к серверу
2018-11-26 07:16:14,758 INFO       client_log: Подключение к серверу выполнено
2018-11-26 07:16:17,400 INFO       client_log: Старт приложения
2018-11-26 07:16:17,400 INFO       client_log: Вызов функции recieve_msg с аргументами (<__main__.Client object at 0x0000024877DA6160>,), {}

2018-11-26 07:16:17,400 INFO       client_log: Подключение к серверу
2018-11-26 07:16:17,416 INFO       client_log: Подключение к серверу выполнено
2018-11-26 07:19:34,006 INFO       client_log: Старт приложения
2018-11-26 07:19:34,006 INFO       client_log: Вызов функции send_msg с аргументами (<__main__.Client object at 0x0000017D79FF61D0>,), {}

2018-11-26 07:19:34,006 INFO       client_log: Подключение к серверу
2018-11-26 07:19:34,006 INFO       client_log: Подключение к серверу выполнено
2018-11-26 07:26:43,744 INFO       client_log: Старт приложения
2018-11-26 07:26:43,760 INFO       client_log: Вызов функции recieve_msg с аргументами (<__main__.Client object at 0x0000021E11816240>,), {}

2018-11-26 07:26:43,760 INFO       client_log: Подключение к серверу
2018-11-26 07:26:43,760 INFO       client_log: Подключение к серверу выполнено
2018-11-26 07:26:48,814 INFO       client_log: Старт приложения
2018-11-26 07:26:48,814 INFO       client_log: Вызов функции send_msg с аргументами (<__main__.Client object at 0x000002443EC56240>,), {}

2018-11-26 07:26:48,814 INFO       client_log: Подключение к серверу
2018-11-26 07:26:48,814 INFO       client_log: Подключение к серверу выполнено
2018-11-26 07:29:52,494 INFO       client_log: Старт приложения
2018-11-26 07:29:52,494 INFO       client_log: Вызов функции send_msg с аргументами (<__main__.Client object at 0x00000247208E6400>,), {}

2018-11-26 07:29:52,494 INFO       client_log: Подключение к серверу
2018-11-26 07:29:52,494 INFO       client_log: Подключение к серверу выполнено
