2018-11-19 01:29:41,755 INFO       client_log: Подключение к серверу
2018-11-19 01:29:42,778 WARNING    client_log: Сервер отключен!
2018-11-19 01:29:42,779 INFO       client_log: Подключение к серверу
2018-11-19 01:29:43,786 WARNING    client_log: Сервер отключен!
2018-11-19 01:29:43,787 INFO       client_log: Старт приложения
2018-11-19 01:31:58,821 INFO       client_log: Подключение к серверу
2018-11-19 01:31:59,842 WARNING    client_log: Сервер отключен!
2018-11-19 01:31:59,842 INFO       client_log: Подключение к серверу
2018-11-19 01:31:59,843 INFO       client_log: Подключение к серверу выполнено
2018-11-19 01:31:59,844 INFO       client_log: Сообщение отправлено
2018-11-19 01:31:59,881 INFO       client_log: Сообщение от сервера принято
2018-11-19 01:31:59,882 INFO       client_log: Старт приложения
2018-11-19 01:32:20,121 INFO       client_log: Подключение к серверу
2018-11-19 01:32:21,148 WARNING    client_log: Сервер отключен!
2018-11-19 01:32:21,148 INFO       client_log: Подключение к серверу
2018-11-19 01:32:21,149 INFO       client_log: Подключение к серверу выполнено
2018-11-19 01:32:21,150 INFO       client_log: Сообщение отправлено
2018-11-19 01:32:21,159 INFO       client_log: Сообщение от сервера принято
2018-11-19 01:32:21,159 INFO       client_log: Старт приложения
2018-11-19 01:32:21,162 INFO       client_log: Подключение к серверу
2018-11-19 01:32:21,164 INFO       client_log: Подключение к серверу выполнено
2018-11-19 01:32:21,164 INFO       client_log: Сообщение отправлено
2018-11-19 01:32:21,173 INFO       client_log: Сообщение от сервера принято
2018-11-19 01:34:24,696 INFO       client_log: Подключение к серверу
2018-11-19 01:34:25,701 WARNING    client_log: Сервер отключен!
2018-11-19 01:34:25,704 INFO       client_log: Подключение к серверу
2018-11-19 01:34:25,705 INFO       client_log: Подключение к серверу выполнено
2018-11-19 01:34:25,705 INFO       client_log: Сообщение отправлено
2018-11-19 01:34:25,711 INFO       client_log: Сообщение от сервера принято
2018-11-19 01:35:17,785 INFO       client_log: Подключение к серверу
2018-11-19 01:35:18,805 WARNING    client_log: Сервер отключен!
2018-11-19 01:35:18,809 INFO       client_log: Подключение к серверу
2018-11-19 01:35:18,810 INFO       client_log: Подключение к серверу выполнено
2018-11-19 01:35:18,810 INFO       client_log: Сообщение отправлено
2018-11-19 01:35:18,816 INFO       client_log: Сообщение от сервера принято
