2018-11-18 23:44:17,843 INFO       server_log: Старт приложения
Старт приложения
2018-11-18 23:44:17,845 INFO       server_log: Старт сервера
Старт сервера
2018-11-18 23:44:17,845 INFO       server_log: Сервер запущен
Сервер запущен
2018-11-19 01:23:19,952 INFO       server_log: Производится проверка сообщения
Производится проверка сообщения
2018-11-19 01:23:19,953 INFO       server_log: Производится обработка сообщения
Производится обработка сообщения
2018-11-19 01:23:19,953 INFO       server_log: Проверка аутентификации
Проверка аутентификации
2018-11-19 01:23:19,953 INFO       server_log: Обработка завершена
Обработка завершена
2018-11-19 01:23:19,953 INFO       server_log: Проверка успешно завершена
Проверка успешно завершена
2018-11-19 01:23:19,957 INFO       server_log: Производится проверка сообщения
Производится проверка сообщения
2018-11-19 01:23:19,958 ERROR      server_log: Неверный формат ссообщения
Неверный формат ссообщения
2018-11-19 01:23:19,963 INFO       server_log: Производится обработка сообщения
Производится обработка сообщения
2018-11-19 01:23:19,964 INFO       server_log: Проверка аутентификации
Проверка аутентификации
2018-11-19 01:23:19,964 INFO       server_log: Обработка завершена
Обработка завершена
2018-11-19 01:23:19,967 INFO       server_log: Проверка аутентификации
Проверка аутентификации
2018-11-19 01:23:19,970 INFO       server_log: Проверка аутентификации
Проверка аутентификации
2018-11-19 01:24:50,358 INFO       server_log: Производится проверка сообщения
Производится проверка сообщения
2018-11-19 01:24:50,360 ERROR      server_log: Неверный формат ссообщения
Неверный формат ссообщения
2018-11-19 01:24:50,361 INFO       server_log: Производится проверка сообщения
Производится проверка сообщения
2018-11-19 01:24:50,361 INFO       server_log: Производится обработка сообщения
Производится обработка сообщения
2018-11-19 01:24:50,361 INFO       server_log: Проверка аутентификации
Проверка аутентификации
2018-11-19 01:24:50,362 INFO       server_log: Обработка завершена
Обработка завершена
2018-11-19 01:24:50,362 INFO       server_log: Проверка успешно завершена
Проверка успешно завершена
2018-11-19 01:24:50,362 INFO       server_log: Производится обработка сообщения
Производится обработка сообщения
2018-11-19 01:24:50,362 INFO       server_log: Проверка аутентификации
Проверка аутентификации
2018-11-19 01:24:50,363 INFO       server_log: Обработка завершена
Обработка завершена
2018-11-19 01:24:50,363 INFO       server_log: Проверка аутентификации
Проверка аутентификации
2018-11-19 01:24:50,363 INFO       server_log: Проверка аутентификации
Проверка аутентификации
2018-11-19 01:28:29,068 INFO       server_log: Производится проверка сообщения
Производится проверка сообщения
2018-11-19 01:28:29,069 ERROR      server_log: Неверный формат ссообщения
Неверный формат ссообщения
2018-11-19 01:28:29,070 INFO       server_log: Производится проверка сообщения
Производится проверка сообщения
2018-11-19 01:28:29,070 INFO       server_log: Производится обработка сообщения
Производится обработка сообщения
2018-11-19 01:28:29,070 INFO       server_log: Проверка аутентификации
Проверка аутентификации
2018-11-19 01:28:29,072 INFO       server_log: Обработка завершена
Обработка завершена
2018-11-19 01:28:29,072 INFO       server_log: Проверка успешно завершена
Проверка успешно завершена
2018-11-19 01:28:29,072 INFO       server_log: Производится обработка сообщения
Производится обработка сообщения
2018-11-19 01:28:29,072 INFO       server_log: Проверка аутентификации
Проверка аутентификации
2018-11-19 01:28:29,073 INFO       server_log: Обработка завершена
Обработка завершена
2018-11-19 01:28:29,073 INFO       server_log: Проверка аутентификации
Проверка аутентификации
2018-11-19 01:28:29,073 INFO       server_log: Проверка аутентификации
Проверка аутентификации
2018-11-19 01:29:13,258 INFO       server_log: Производится проверка сообщения
Производится проверка сообщения
2018-11-19 01:29:13,260 ERROR      server_log: Неверный формат ссообщения
Неверный формат ссообщения
2018-11-19 01:29:13,260 INFO       server_log: Производится проверка сообщения
Производится проверка сообщения
2018-11-19 01:29:13,260 INFO       server_log: Производится обработка сообщения
Производится обработка сообщения
2018-11-19 01:29:13,261 INFO       server_log: Проверка аутентификации
Проверка аутентификации
2018-11-19 01:29:13,262 INFO       server_log: Обработка завершена
Обработка завершена
2018-11-19 01:29:13,262 INFO       server_log: Проверка успешно завершена
Проверка успешно завершена
2018-11-19 01:29:13,262 INFO       server_log: Производится обработка сообщения
Производится обработка сообщения
2018-11-19 01:29:13,263 INFO       server_log: Проверка аутентификации
Проверка аутентификации
2018-11-19 01:29:13,263 INFO       server_log: Обработка завершена
Обработка завершена
2018-11-19 01:29:13,264 INFO       server_log: Проверка аутентификации
Проверка аутентификации
2018-11-19 01:29:13,264 INFO       server_log: Проверка аутентификации
Проверка аутентификации
2018-11-19 01:30:32,901 INFO       server_log: Производится проверка сообщения
Производится проверка сообщения
2018-11-19 01:30:32,903 ERROR      server_log: Неверный формат ссообщения
Неверный формат ссообщения
2018-11-19 01:30:32,904 INFO       server_log: Производится проверка сообщения
Производится проверка сообщения
2018-11-19 01:30:32,904 INFO       server_log: Производится обработка сообщения
Производится обработка сообщения
2018-11-19 01:30:32,905 INFO       server_log: Проверка аутентификации
Проверка аутентификации
2018-11-19 01:30:32,906 INFO       server_log: Обработка завершена
Обработка завершена
2018-11-19 01:30:32,906 INFO       server_log: Проверка успешно завершена
Проверка успешно завершена
2018-11-19 01:30:32,906 INFO       server_log: Производится обработка сообщения
Производится обработка сообщения
2018-11-19 01:30:32,907 INFO       server_log: Проверка аутентификации
Проверка аутентификации
2018-11-19 01:30:32,907 INFO       server_log: Обработка завершена
Обработка завершена
2018-11-19 01:30:32,907 INFO       server_log: Проверка аутентификации
Проверка аутентификации
2018-11-19 01:30:32,907 INFO       server_log: Проверка аутентификации
Проверка аутентификации
2018-11-19 01:31:49,119 INFO       server_log: Старт приложения
Старт приложения
2018-11-19 01:31:49,120 INFO       server_log: Запуск сервера
Запуск сервера
2018-11-19 01:31:49,121 INFO       server_log: Сервер запущен
Сервер запущен
2018-11-19 01:31:59,845 INFO       server_log: Принято сообщение от клиента
Принято сообщение от клиента
2018-11-19 01:31:59,845 INFO       server_log: Производится проверка сообщения
Производится проверка сообщения
2018-11-19 01:31:59,845 INFO       server_log: Производится обработка сообщения
Производится обработка сообщения
2018-11-19 01:31:59,877 INFO       server_log: Проверка аутентификации
Проверка аутентификации
2018-11-19 01:31:59,880 INFO       server_log: Обработка завершена
Обработка завершена
2018-11-19 01:31:59,880 INFO       server_log: Проверка успешно завершена
Проверка успешно завершена
2018-11-19 01:31:59,880 INFO       server_log: Клиенту отправлено сообщение
Клиенту отправлено сообщение
2018-11-19 01:32:21,150 INFO       server_log: Принято сообщение от клиента
Принято сообщение от клиента
2018-11-19 01:32:21,151 INFO       server_log: Производится проверка сообщения
Производится проверка сообщения
2018-11-19 01:32:21,151 INFO       server_log: Производится обработка сообщения
Производится обработка сообщения
2018-11-19 01:32:21,154 INFO       server_log: Проверка аутентификации
Проверка аутентификации
2018-11-19 01:32:21,158 INFO       server_log: Обработка завершена
Обработка завершена
2018-11-19 01:32:21,158 INFO       server_log: Проверка успешно завершена
Проверка успешно завершена
2018-11-19 01:32:21,158 INFO       server_log: Клиенту отправлено сообщение
Клиенту отправлено сообщение
2018-11-19 01:32:21,164 INFO       server_log: Принято сообщение от клиента
Принято сообщение от клиента
2018-11-19 01:32:21,165 INFO       server_log: Производится проверка сообщения
Производится проверка сообщения
2018-11-19 01:32:21,165 INFO       server_log: Производится обработка сообщения
Производится обработка сообщения
2018-11-19 01:32:21,169 INFO       server_log: Проверка аутентификации
Проверка аутентификации
2018-11-19 01:32:21,172 INFO       server_log: Обработка завершена
Обработка завершена
2018-11-19 01:32:21,172 INFO       server_log: Проверка успешно завершена
Проверка успешно завершена
2018-11-19 01:32:21,173 INFO       server_log: Клиенту отправлено сообщение
Клиенту отправлено сообщение
2018-11-19 01:34:25,706 INFO       server_log: Принято сообщение от клиента
Принято сообщение от клиента
2018-11-19 01:34:25,706 INFO       server_log: Производится проверка сообщения
Производится проверка сообщения
2018-11-19 01:34:25,706 INFO       server_log: Производится обработка сообщения
Производится обработка сообщения
2018-11-19 01:34:25,708 INFO       server_log: Проверка аутентификации
Проверка аутентификации
2018-11-19 01:34:25,710 INFO       server_log: Обработка завершена
Обработка завершена
2018-11-19 01:34:25,710 INFO       server_log: Проверка успешно завершена
Проверка успешно завершена
2018-11-19 01:34:25,711 INFO       server_log: Клиенту отправлено сообщение
Клиенту отправлено сообщение
2018-11-19 01:34:25,717 INFO       server_log: Производится проверка сообщения
Производится проверка сообщения
2018-11-19 01:34:25,718 INFO       server_log: Производится обработка сообщения
Производится обработка сообщения
2018-11-19 01:34:25,718 INFO       server_log: Проверка аутентификации
Проверка аутентификации
2018-11-19 01:34:25,718 INFO       server_log: Обработка завершена
Обработка завершена
2018-11-19 01:34:25,718 INFO       server_log: Проверка успешно завершена
Проверка успешно завершена
2018-11-19 01:34:25,721 INFO       server_log: Производится проверка сообщения
Производится проверка сообщения
2018-11-19 01:34:25,721 ERROR      server_log: Неверный формат ссообщения
Неверный формат ссообщения
2018-11-19 01:34:25,724 INFO       server_log: Производится обработка сообщения
Производится обработка сообщения
2018-11-19 01:34:25,724 INFO       server_log: Проверка аутентификации
Проверка аутентификации
2018-11-19 01:34:25,724 INFO       server_log: Обработка завершена
Обработка завершена
2018-11-19 01:34:25,727 INFO       server_log: Проверка аутентификации
Проверка аутентификации
2018-11-19 01:34:25,730 INFO       server_log: Проверка аутентификации
Проверка аутентификации
2018-11-19 01:35:18,810 INFO       server_log: Принято сообщение от клиента
Принято сообщение от клиента
2018-11-19 01:35:18,810 INFO       server_log: Производится проверка сообщения
Производится проверка сообщения
2018-11-19 01:35:18,811 INFO       server_log: Производится обработка сообщения
Производится обработка сообщения
2018-11-19 01:35:18,814 INFO       server_log: Проверка аутентификации
Проверка аутентификации
2018-11-19 01:35:18,815 INFO       server_log: Обработка завершена
Обработка завершена
2018-11-19 01:35:18,816 INFO       server_log: Проверка успешно завершена
Проверка успешно завершена
2018-11-19 01:35:18,816 INFO       server_log: Клиенту отправлено сообщение
Клиенту отправлено сообщение
2018-11-19 01:35:26,439 INFO       server_log: Производится проверка сообщения
Производится проверка сообщения
2018-11-19 01:35:26,439 INFO       server_log: Производится обработка сообщения
Производится обработка сообщения
2018-11-19 01:35:26,440 INFO       server_log: Проверка аутентификации
Проверка аутентификации
2018-11-19 01:35:26,440 INFO       server_log: Обработка завершена
Обработка завершена
2018-11-19 01:35:26,440 INFO       server_log: Проверка успешно завершена
Проверка успешно завершена
2018-11-19 01:35:26,444 INFO       server_log: Производится проверка сообщения
Производится проверка сообщения
2018-11-19 01:35:26,444 ERROR      server_log: Неверный формат ссообщения
Неверный формат ссообщения
2018-11-19 01:35:26,446 INFO       server_log: Производится обработка сообщения
Производится обработка сообщения
2018-11-19 01:35:26,447 INFO       server_log: Проверка аутентификации
Проверка аутентификации
2018-11-19 01:35:26,447 INFO       server_log: Обработка завершена
Обработка завершена
2018-11-19 01:35:26,450 INFO       server_log: Проверка аутентификации
Проверка аутентификации
2018-11-19 01:35:26,452 INFO       server_log: Проверка аутентификации
Проверка аутентификации
2018-11-19 01:38:41,070 INFO       server_log: Производится проверка сообщения
Производится проверка сообщения
2018-11-19 01:38:41,070 INFO       server_log: Производится обработка сообщения
Производится обработка сообщения
2018-11-19 01:38:41,070 INFO       server_log: Проверка аутентификации
Проверка аутентификации
2018-11-19 01:38:41,071 INFO       server_log: Обработка завершена
Обработка завершена
2018-11-19 01:38:41,071 INFO       server_log: Проверка успешно завершена
Проверка успешно завершена
2018-11-19 01:38:41,074 INFO       server_log: Производится проверка сообщения
Производится проверка сообщения
2018-11-19 01:38:41,074 ERROR      server_log: Неверный формат ссообщения
Неверный формат ссообщения
2018-11-19 01:38:41,076 INFO       server_log: Производится обработка сообщения
Производится обработка сообщения
2018-11-19 01:38:41,077 INFO       server_log: Проверка аутентификации
Проверка аутентификации
2018-11-19 01:38:41,077 INFO       server_log: Обработка завершена
Обработка завершена
2018-11-19 01:38:41,079 INFO       server_log: Проверка аутентификации
Проверка аутентификации
2018-11-19 01:38:41,082 INFO       server_log: Проверка аутентификации
Проверка аутентификации
2018-11-19 01:38:55,304 INFO       server_log: Производится проверка сообщения
Производится проверка сообщения
2018-11-19 01:38:55,305 ERROR      server_log: Неверный формат ссообщения
Неверный формат ссообщения
2018-11-19 01:38:55,305 INFO       server_log: Производится проверка сообщения
Производится проверка сообщения
2018-11-19 01:38:55,305 INFO       server_log: Производится обработка сообщения
Производится обработка сообщения
2018-11-19 01:38:55,305 INFO       server_log: Проверка аутентификации
Проверка аутентификации
2018-11-19 01:38:55,307 INFO       server_log: Обработка завершена
Обработка завершена
2018-11-19 01:38:55,307 INFO       server_log: Проверка успешно завершена
Проверка успешно завершена
2018-11-19 01:38:55,307 INFO       server_log: Производится обработка сообщения
Производится обработка сообщения
2018-11-19 01:38:55,307 INFO       server_log: Проверка аутентификации
Проверка аутентификации
2018-11-19 01:38:55,308 INFO       server_log: Обработка завершена
Обработка завершена
2018-11-19 01:38:55,308 INFO       server_log: Проверка аутентификации
Проверка аутентификации
2018-11-19 01:38:55,308 INFO       server_log: Проверка аутентификации
Проверка аутентификации
